MASTER_ADDR=a-a100-o-1
MASTER_PORT=47568
SLURM_NTASKS=2
SLURM_JOB_GPUS=3,6
SLURM_GPUS_ON_NODE=2
CUDA_VISIBLE_DEVICES=0,1
GPU_DEVICE_ORDINAL=0,1
=== scontrol show job 437568 ===
JobId=437568 JobName=cm_avici
   UserId=anton.lechuga(10416) GroupId=anton.lechuga(10416) MCS_label=N/A
   Priority=1 Nice=0 Account=default QOS=normal
   JobState=RUNNING Reason=None Dependency=(null)
   Requeue=1 Restarts=0 BatchFlag=1 Reboot=0 ExitCode=0:0
   RunTime=00:00:00 TimeLimit=7-00:00:00 TimeMin=N/A
   SubmitTime=2026-04-20T17:16:31 EligibleTime=2026-04-20T17:16:31
   AccrueTime=2026-04-20T17:16:31
   StartTime=2026-04-20T17:16:32 EndTime=2026-04-27T17:16:32 Deadline=N/A
   SuspendTime=None SecsPreSuspend=0 LastSchedEval=2026-04-20T17:16:32 Scheduler=Main
   Partition=GPU-a100 AllocNode:Sid=slurm-head-1:1901044
   ReqNodeList=(null) ExcNodeList=(null)
   NodeList=a-a100-o-1
   BatchHost=a-a100-o-1
   NumNodes=1 NumCPUs=16 NumTasks=2 CPUs/Task=8 ReqB:S:C:T=0:0:*:*
   ReqTRES=cpu=16,mem=250G,node=1,billing=16,gres/gpu=2
   AllocTRES=cpu=16,mem=250G,node=1,billing=16,gres/gpu=2
   Socks/Node=* NtasksPerN:B:S:C=2:0:*:* CoreSpec=*
   MinCPUsNode=16 MinMemoryTRES=200000M MinTmpDiskNode=0
   Features=(null) DelayBoot=00:00:00
   OverSubscribe=OK Contiguous=0 Licenses=(null) LicensesAlloc=(null) Network=(null)
   Command=/home/anton.lechuga/causal_discovery/scripts/run_avici.sh
   WorkDir=/home/anton.lechuga/causal_discovery
   StdErr=/dev/null
   StdIn=/dev/null
   StdOut=/dev/null
   MemPerTres=gpu:200000
   TresPerNode=gres/gpu:a100:2
   TresPerTask=cpu=8
   

=== scontrol show node a-a100-o-1 ===
NodeName=a-a100-o-1 Arch=x86_64 CoresPerSocket=32 
   CPUAlloc=82 CPUEfctv=128 CPUTot=128 CPULoad=16.25
   AvailableFeatures=(null)
   ActiveFeatures=(null)
   Gres=gpu:a100:8
   NodeAddr=a-a100-o-1 NodeHostName=a-a100-o-1 Version=25.05.0
   OS=Linux 5.14.0-503.19.1.el9_5.x86_64 #1 SMP PREEMPT_DYNAMIC Thu Dec 19 12:55:03 UTC 2024 
   RealMemory=2000000 AllocMem=1160512 FreeMem=1843623 Sockets=2 Boards=1
   State=MIXED ThreadsPerCore=2 TmpDisk=0 Weight=100 Owner=N/A MCS_label=N/A
   Partitions=GPU-a100 
   BootTime=2026-02-12T11:28:43 SlurmdStartTime=2026-04-08T15:23:40
   LastBusyTime=2026-04-03T11:53:28 ResumeAfterTime=None
   CfgTRES=cpu=128,mem=2000000M,billing=128,gres/gpu=8
   AllocTRES=cpu=82,mem=1160512M,gres/gpu=8
   CurrentWatts=0 AveWatts=0

Launching 2 tasks via srun
Error executing job with overrides: ['model=avici', 'name=avici_437568']
Traceback (most recent call last):
  File "<frozen runpy>", line 198, in _run_module_as_main
  File "<frozen runpy>", line 88, in _run_code
  File "/home/anton.lechuga/causal_discovery/src/causal_meta/main.py", line 562, in <module>
    main()
  File "/home/anton.lechuga/causal_discovery/.venv/lib/python3.11/site-packages/hydra/main.py", line 94, in decorated_main
    _run_hydra(
  File "/home/anton.lechuga/causal_discovery/.venv/lib/python3.11/site-packages/hydra/_internal/utils.py", line 394, in _run_hydra
    _run_app(
  File "/home/anton.lechuga/causal_discovery/.venv/lib/python3.11/site-packages/hydra/_internal/utils.py", line 457, in _run_app
    run_and_report(
  File "/home/anton.lechuga/causal_discovery/.venv/lib/python3.11/site-packages/hydra/_internal/utils.py", line 223, in run_and_report
    raise ex
  File "/home/anton.lechuga/causal_discovery/.venv/lib/python3.11/site-packages/hydra/_internal/utils.py", line 220, in run_and_report
    return func()
           ^^^^^^
  File "/home/anton.lechuga/causal_discovery/.venv/lib/python3.11/site-packages/hydra/_internal/utils.py", line 458, in <lambda>
    lambda: hydra.run(
            ^^^^^^^^^^
  File "/home/anton.lechuga/causal_discovery/.venv/lib/python3.11/site-packages/hydra/_internal/hydra.py", line 132, in run
    _ = ret.return_value
        ^^^^^^^^^^^^^^^^
  File "/home/anton.lechuga/causal_discovery/.venv/lib/python3.11/site-packages/hydra/core/utils.py", line 260, in return_value
    raise self._return_value
  File "/home/anton.lechuga/causal_discovery/.venv/lib/python3.11/site-packages/hydra/core/utils.py", line 186, in run_job
    ret.return_value = task_function(task_cfg)
                       ^^^^^^^^^^^^^^^^^^^^^^^
  File "/home/anton.lechuga/causal_discovery/src/causal_meta/main.py", line 264, in main
    run_pipeline(cfg)
  File "/home/anton.lechuga/causal_discovery/src/causal_meta/main.py", line 386, in run_pipeline
    dist_ctx = DistributedContext.setup()
               ^^^^^^^^^^^^^^^^^^^^^^^^^^
  File "/home/anton.lechuga/causal_discovery/src/causal_meta/runners/utils/distributed.py", line 155, in setup
    dist.init_process_group(
  File "/home/anton.lechuga/causal_discovery/.venv/lib/python3.11/site-packages/torch/distributed/c10d_logger.py", line 83, in wrapper
    return func(*args, **kwargs)
           ^^^^^^^^^^^^^^^^^^^^^
  File "/home/anton.lechuga/causal_discovery/.venv/lib/python3.11/site-packages/torch/distributed/c10d_logger.py", line 97, in wrapper
    func_return = func(*args, **kwargs)
                  ^^^^^^^^^^^^^^^^^^^^^
  File "/home/anton.lechuga/causal_discovery/.venv/lib/python3.11/site-packages/torch/distributed/distributed_c10d.py", line 1699, in init_process_group
    torch._dynamo.trace_rules.clear_lru_cache()
    ^^^^^^^^^^^^^^^^^^^^^^^^^
AttributeError: module 'torch._dynamo' has no attribute 'trace_rules'
Error executing job with overrides: ['model=avici', 'name=avici_437568']
Traceback (most recent call last):
  File "<frozen runpy>", line 198, in _run_module_as_main
  File "<frozen runpy>", line 88, in _run_code
  File "/home/anton.lechuga/causal_discovery/src/causal_meta/main.py", line 562, in <module>
    main()
  File "/home/anton.lechuga/causal_discovery/.venv/lib/python3.11/site-packages/hydra/main.py", line 94, in decorated_main
    _run_hydra(
  File "/home/anton.lechuga/causal_discovery/.venv/lib/python3.11/site-packages/hydra/_internal/utils.py", line 394, in _run_hydra
    _run_app(
  File "/home/anton.lechuga/causal_discovery/.venv/lib/python3.11/site-packages/hydra/_internal/utils.py", line 457, in _run_app
    run_and_report(
  File "/home/anton.lechuga/causal_discovery/.venv/lib/python3.11/site-packages/hydra/_internal/utils.py", line 223, in run_and_report
    raise ex
  File "/home/anton.lechuga/causal_discovery/.venv/lib/python3.11/site-packages/hydra/_internal/utils.py", line 220, in run_and_report
    return func()
           ^^^^^^
  File "/home/anton.lechuga/causal_discovery/.venv/lib/python3.11/site-packages/hydra/_internal/utils.py", line 458, in <lambda>
    lambda: hydra.run(
            ^^^^^^^^^^
  File "/home/anton.lechuga/causal_discovery/.venv/lib/python3.11/site-packages/hydra/_internal/hydra.py", line 132, in run
    _ = ret.return_value
        ^^^^^^^^^^^^^^^^
  File "/home/anton.lechuga/causal_discovery/.venv/lib/python3.11/site-packages/hydra/core/utils.py", line 260, in return_value
    raise self._return_value
  File "/home/anton.lechuga/causal_discovery/.venv/lib/python3.11/site-packages/hydra/core/utils.py", line 186, in run_job
    ret.return_value = task_function(task_cfg)
                       ^^^^^^^^^^^^^^^^^^^^^^^
  File "/home/anton.lechuga/causal_discovery/src/causal_meta/main.py", line 264, in main
    run_pipeline(cfg)
  File "/home/anton.lechuga/causal_discovery/src/causal_meta/main.py", line 386, in run_pipeline
    dist_ctx = DistributedContext.setup()
               ^^^^^^^^^^^^^^^^^^^^^^^^^^
  File "/home/anton.lechuga/causal_discovery/src/causal_meta/runners/utils/distributed.py", line 155, in setup
    dist.init_process_group(
  File "/home/anton.lechuga/causal_discovery/.venv/lib/python3.11/site-packages/torch/distributed/c10d_logger.py", line 83, in wrapper
    return func(*args, **kwargs)
           ^^^^^^^^^^^^^^^^^^^^^
  File "/home/anton.lechuga/causal_discovery/.venv/lib/python3.11/site-packages/torch/distributed/c10d_logger.py", line 97, in wrapper
    func_return = func(*args, **kwargs)
                  ^^^^^^^^^^^^^^^^^^^^^
  File "/home/anton.lechuga/causal_discovery/.venv/lib/python3.11/site-packages/torch/distributed/distributed_c10d.py", line 1699, in init_process_group
    torch._dynamo.trace_rules.clear_lru_cache()
    ^^^^^^^^^^^^^^^^^^^^^^^^^
AttributeError: module 'torch._dynamo' has no attribute 'trace_rules'
srun: error: a-a100-o-1: task 0: Exited with exit code 1
srun: error: a-a100-o-1: task 1: Exited with exit code 1
