MASTER_ADDR=a-a100-o-1
MASTER_PORT=47341
SLURM_NTASKS=1
SLURM_JOB_GPUS=7
SLURM_GPUS_ON_NODE=1
CUDA_VISIBLE_DEVICES=0
GPU_DEVICE_ORDINAL=0
Launching 1 tasks via srun
[2026-04-20 10:05:59,324][__main__][INFO] - Starting Pipeline...
[2026-04-20 10:05:59,362][causal_meta.runners.utils.env][INFO] - Environment Report:
  - causal_meta: 0.3.0 (git: 4286fd8-dirty)
  - Python: 3.11.14 (Linux 5.14.0-503.19.1.el9_5.x86_64)
  - PyTorch: 2.10.0+cu128
  - CUDA Available: True
  - MPS Available: False
  - CUDA Device Count: 1
  - Current Device: NVIDIA A100-SXM4-80GB
  - SLURM_JOB_ID: 437341
[2026-04-20 10:05:59,363][__main__][INFO] - Initializing Data Module...
[2026-04-20 10:05:59,374][__main__][INFO] - === Running Model: dibs ===
[2026-04-20 10:05:59,374][__main__][INFO] - Initializing WandB Logger...
wandb: [wandb.login()] Loaded credentials for https://api.wandb.ai from /home/anton.lechuga/.netrc.
wandb: Currently logged in as: lechuga-anton to https://api.wandb.ai. Use `wandb login --relogin` to force relogin
wandb: setting up run 8dxz4utw
wandb: Tracking run with wandb version 0.25.0
wandb: Run data is saved locally in /home/anton.lechuga/causal_discovery/experiments/runs/dibs_437341/wandb/run-20260420_100600-8dxz4utw
wandb: Run `wandb offline` to turn off syncing.
wandb: Syncing run dibs_437341_dibs_pid3041470
wandb: ⭐️ View project at https://wandb.ai/lechuga-anton/causal_meta
wandb: 🚀 View run at https://wandb.ai/lechuga-anton/causal_meta/runs/8dxz4utw
[2026-04-20 10:06:01,925][__main__][INFO] - --- Evaluation ---
[2026-04-20 10:06:01,925][causal_meta.runners.tasks.evaluation][INFO] - Starting evaluation: dibs_437341
[2026-04-20 10:11:30,565][causal_meta.datasets.data_module][INFO] - Loaded real-world test family 'real_sachs': 11 variables, 853 observations
wandb: updating run metadata
wandb: uploading config.yaml
wandb: 🚀 View run dibs_437341_dibs_pid3041470 at: https://wandb.ai/lechuga-anton/causal_meta/runs/8dxz4utw
wandb: ⭐️ View project at: https://wandb.ai/lechuga-anton/causal_meta
wandb: Synced 5 W&B file(s), 0 media file(s), 0 artifact file(s) and 0 other file(s)
wandb: Find logs at: ./experiments/runs/dibs_437341/wandb/run-20260420_100600-8dxz4utw/logs
[2026-04-20 10:11:31,951][__main__][ERROR] - Pipeline failed.
[causal_meta.main][ERROR] Pipeline failed.
Traceback (most recent call last):
  File "/home/anton.lechuga/causal_discovery/src/causal_meta/main.py", line 525, in run_pipeline
    evaluation.run(
  File "/home/anton.lechuga/causal_discovery/src/causal_meta/runners/tasks/evaluation.py", line 423, in run
    family_metadata = _build_family_metadata(
                      ^^^^^^^^^^^^^^^^^^^^^^^
  File "/home/anton.lechuga/causal_discovery/src/causal_meta/runners/tasks/evaluation.py", line 133, in _build_family_metadata
    "graph_type": _extract_graph_type(fcfg),
                  ^^^^^^^^^^^^^^^^^^^^^^^^^
  File "/home/anton.lechuga/causal_discovery/src/causal_meta/runners/tasks/evaluation.py", line 64, in _extract_graph_type
    graph_cfg = family_cfg.graph_cfg
                ^^^^^^^^^^^^^^^^^^^^
AttributeError: 'RealWorldFamilyConfig' object has no attribute 'graph_cfg'
Error executing job with overrides: ['model=dibs', 'name=dibs_437341']
Traceback (most recent call last):
  File "<frozen runpy>", line 198, in _run_module_as_main
  File "<frozen runpy>", line 88, in _run_code
  File "/home/anton.lechuga/causal_discovery/src/causal_meta/main.py", line 553, in <module>
    main()
  File "/home/anton.lechuga/causal_discovery/.venv/lib/python3.11/site-packages/hydra/main.py", line 94, in decorated_main
    _run_hydra(
  File "/home/anton.lechuga/causal_discovery/.venv/lib/python3.11/site-packages/hydra/_internal/utils.py", line 394, in _run_hydra
    _run_app(
  File "/home/anton.lechuga/causal_discovery/.venv/lib/python3.11/site-packages/hydra/_internal/utils.py", line 457, in _run_app
    run_and_report(
  File "/home/anton.lechuga/causal_discovery/.venv/lib/python3.11/site-packages/hydra/_internal/utils.py", line 223, in run_and_report
    raise ex
  File "/home/anton.lechuga/causal_discovery/.venv/lib/python3.11/site-packages/hydra/_internal/utils.py", line 220, in run_and_report
    return func()
           ^^^^^^
  File "/home/anton.lechuga/causal_discovery/.venv/lib/python3.11/site-packages/hydra/_internal/utils.py", line 458, in <lambda>
    lambda: hydra.run(
            ^^^^^^^^^^
  File "/home/anton.lechuga/causal_discovery/.venv/lib/python3.11/site-packages/hydra/_internal/hydra.py", line 132, in run
    _ = ret.return_value
        ^^^^^^^^^^^^^^^^
  File "/home/anton.lechuga/causal_discovery/.venv/lib/python3.11/site-packages/hydra/core/utils.py", line 260, in return_value
    raise self._return_value
  File "/home/anton.lechuga/causal_discovery/.venv/lib/python3.11/site-packages/hydra/core/utils.py", line 186, in run_job
    ret.return_value = task_function(task_cfg)
                       ^^^^^^^^^^^^^^^^^^^^^^^
  File "/home/anton.lechuga/causal_discovery/src/causal_meta/main.py", line 264, in main
    run_pipeline(cfg)
  File "/home/anton.lechuga/causal_discovery/src/causal_meta/main.py", line 525, in run_pipeline
    evaluation.run(
  File "/home/anton.lechuga/causal_discovery/src/causal_meta/runners/tasks/evaluation.py", line 423, in run
    family_metadata = _build_family_metadata(
                      ^^^^^^^^^^^^^^^^^^^^^^^
  File "/home/anton.lechuga/causal_discovery/src/causal_meta/runners/tasks/evaluation.py", line 133, in _build_family_metadata
    "graph_type": _extract_graph_type(fcfg),
                  ^^^^^^^^^^^^^^^^^^^^^^^^^
  File "/home/anton.lechuga/causal_discovery/src/causal_meta/runners/tasks/evaluation.py", line 64, in _extract_graph_type
    graph_cfg = family_cfg.graph_cfg
                ^^^^^^^^^^^^^^^^^^^^
AttributeError: 'RealWorldFamilyConfig' object has no attribute 'graph_cfg'
srun: error: a-a100-o-1: task 0: Exited with exit code 1
